<?xml version="1.0" encoding="UTF-8"?>
<!-- Generated by org.testng.reporters.JUnitReportReporter -->
<testsuite hostname="Dark" name="regression.CSRV_3423" tests="1" failures="0" timestamp="27 Jun 2018 10:10:55 GMT" time="1.091" errors="0">
  <testcase name="TestCase2" time="1.091" classname="regression.CSRV_3423"/>
</testsuite> <!-- regression.CSRV_3423 -->
