<?xml version="1.0" encoding="UTF-8"?>
<!-- Generated by org.testng.reporters.JUnitReportReporter -->
<testsuite hostname="Dark" name="regression.CSRV_3423" tests="1" failures="0" timestamp="27 Jun 2018 16:52:40 GMT" time="9.115" errors="0">
  <testcase name="TestCase2" time="9.115" classname="regression.CSRV_3423"/>
</testsuite> <!-- regression.CSRV_3423 -->
