<?xml version="1.0" encoding="UTF-8"?>
<!-- Generated by org.testng.reporters.JUnitReportReporter -->
<testsuite hostname="Dark" name="regression.CSRV_3846" tests="2" failures="0" timestamp="27 Jun 2018 11:33:47 GMT" time="7.819" errors="0">
  <testcase name="TestCase1" time="6.700" classname="regression.CSRV_3846"/>
  <testcase name="TestCase2" time="1.119" classname="regression.CSRV_3846"/>
</testsuite> <!-- regression.CSRV_3846 -->
