<?xml version="1.0" encoding="UTF-8"?>
<!-- Generated by org.testng.reporters.JUnitReportReporter -->
<testsuite hostname="Dark" name="regression.CSRV_3847" tests="2" failures="0" timestamp="28 Jun 2018 10:01:40 GMT" time="6.525" errors="0">
  <testcase name="VeirfyResponseURLAbove2000" time="5.629" classname="regression.CSRV_3847"/>
  <testcase name="VerifySingleFileURL" time="0.896" classname="regression.CSRV_3847"/>
</testsuite> <!-- regression.CSRV_3847 -->
