<?xml version="1.0" encoding="UTF-8"?>
<!-- Generated by org.testng.reporters.JUnitReportReporter -->
<testsuite hostname="Dark" name="regression.CSRV_3422" tests="2" failures="0" timestamp="27 Jun 2018 13:26:30 GMT" time="6.729" errors="0">
  <testcase name="TestCase2" time="1.126" classname="regression.CSRV_3422"/>
  <testcase name="TestCase1" time="5.603" classname="regression.CSRV_3422"/>
</testsuite> <!-- regression.CSRV_3422 -->
