<?xml version="1.0" encoding="UTF-8"?>
<!-- Generated by org.testng.reporters.JUnitReportReporter -->
<testsuite hostname="Dark" name="regression.CSRV_3846" tests="2" failures="0" timestamp="28 Jun 2018 09:53:09 GMT" time="9.451" errors="0">
  <testcase name="VeirfyResponseURLAbove2000" time="4.372" classname="regression.CSRV_3846"/>
  <testcase name="VerifySingleFileURL" time="5.079" classname="regression.CSRV_3846"/>
</testsuite> <!-- regression.CSRV_3846 -->
